<?xml version="1.0" encoding="UTF-8"?>
<!-- Generated by org.testng.reporters.JUnitReportReporter -->
<testsuite hostname="Student" failures="0" tests="6" name="craftsoftware.CapTest" time="15.959" errors="0" timestamp="2022-08-02T22:59:08 EDT" skipped="0">
  <testcase classname="craftsoftware.CapTest" name="aLanding_test" time="0.222"/>
  <system-out/>
  <testcase classname="craftsoftware.CapTest" name="fCart_test" time="1.037"/>
  <system-out/>
  <testcase classname="craftsoftware.CapTest" name="cLogin_test" time="4.583"/>
  <system-out/>
  <testcase classname="craftsoftware.CapTest" name="dProduct_test" time="8.861"/>
  <system-out/>
  <testcase classname="craftsoftware.CapTest" name="eCartLink_test" time="0.613"/>
  <system-out/>
  <testcase classname="craftsoftware.CapTest" name="bRegistration_test" time="0.643"/>
  <system-out/>
</testsuite> <!-- craftsoftware.CapTest -->
