<?xml version="1.0" encoding="UTF-8"?>
<!-- Generated by org.testng.reporters.JUnitReportReporter -->
<testsuite hostname="Student" failures="0" tests="6" name="craftsoftware.CapTest" time="17.623" errors="0" timestamp="2022-07-27T22:22:45 EDT" skipped="0">
  <testcase classname="craftsoftware.CapTest" name="bRegistration_test" time="0.506"/>
  <system-out/>
  <testcase classname="craftsoftware.CapTest" name="cLogin_test" time="5.494"/>
  <system-out/>
  <testcase classname="craftsoftware.CapTest" name="dProduct_test" time="8.710"/>
  <system-out/>
  <testcase classname="craftsoftware.CapTest" name="eCartLink_test" time="0.720"/>
  <system-out/>
  <testcase classname="craftsoftware.CapTest" name="aLanding_test" time="0.313"/>
  <system-out/>
  <testcase classname="craftsoftware.CapTest" name="fCart_test" time="1.880"/>
  <system-out/>
</testsuite> <!-- craftsoftware.CapTest -->
